<?xml version='1.0' encoding='UTF-8'?>
<testsuite hostname="MSI" name="FunctionalSpec" tests="1" errors="1" failures="0" skipped="0" time="0.023" timestamp="2022-10-21T21:50:17">
          <properties>
      <property name="awt.toolkit" value="sun.awt.windows.WToolkit"/><property name="java.specification.version" value="11"/><property name="sun.cpu.isalist" value="amd64"/><property name="sun.jnu.encoding" value="Cp1258"/><property name="sun.arch.data.model" value="64"/><property name="sbt.supershell" value="false"/><property name="java.vendor.url" value="https://openjdk.java.net/"/><property name="sun.boot.library.path" value="E:\5.Software\Scala\jdk\bin"/><property name="sun.java.command" value="C:\Users\USER\AppData\Local\JetBrains\Toolbox\apps\IDEA-U\ch-0\223.6646.99.plugins\Scala\launcher\sbt-launch.jar early(addPluginSbtFile=&quot;&quot;&quot;C:\Users\USER\AppData\Local\Temp\idea11.sbt&quot;&quot;&quot;) ; set ideaPort in Global := 58087 ; idea-shell"/><property name="jdk.debug" value="release"/><property name="sun.stderr.encoding" value="cp1258"/><property name="java.specification.vendor" value="Oracle Corporation"/><property name="java.version.date" value="2022-01-18"/><property name="java.home" value="E:\5.Software\Scala\jdk"/><property name="file.separator" value="\"/><property name="java.vm.compressedOopsMode" value="32-bit"/><property name="line.separator" value="
"/><property name="sun.stdout.encoding" value="cp1258"/><property name="java.specification.name" value="Java Platform API Specification"/><property name="java.vm.specification.vendor" value="Oracle Corporation"/><property name="idea.installation.dir" value="C:\Users\USER\AppData\Local\JetBrains\Toolbox\apps\IDEA-U\ch-0\223.6646.99"/><property name="user.script" value=""/><property name="sun.management.compiler" value="HotSpot 64-Bit Tiered Compilers"/><property name="java.runtime.version" value="11.0.14+8-LTS-263"/><property name="user.name" value="USER"/><property name="log4j.ignoreTCL" value="true"/><property name="file.encoding" value="UTF-8"/><property name="jnidispatch.path" value="C:\Users\USER\AppData\Local\Temp\jna-2614219\jna14845003955094556625.dll"/><property name="java.vendor.version" value="18.9"/><property name="jna.loaded" value="true"/><property name="java.io.tmpdir" value="C:\Users\USER\AppData\Local\Temp\"/><property name="java.version" value="11.0.14"/><property name="java.vm.specification.name" value="Java Virtual Machine Specification"/><property name="java.awt.printerjob" value="sun.awt.windows.WPrinterJob"/><property name="sun.os.patch.level" value=""/><property name="java.library.path" value="E:\5.Software\Scala\jdk\bin;C:\WINDOWS\Sun\Java\bin;C:\WINDOWS\system32;C:\WINDOWS;C:\Program Files\Common Files\Oracle\Java\javapath;E:\3.Utilities\MiniConda;E:\3.Utilities\MiniConda\Library\mingw-w64\bin;E:\3.Utilities\MiniConda\Library\usr\bin;E:\3.Utilities\MiniConda\Library\bin;E:\3.Utilities\MiniConda\Scripts;C:\Python38\Scripts\;C:\Python38\;C:\WINDOWS\system32;C:\WINDOWS;C:\WINDOWS\System32\Wbem;C:\WINDOWS\System32\WindowsPowerShell\v1.0\;C:\WINDOWS\System32\OpenSSH\;C:\Program Files (x86)\AMD\ATI.ACE\Core-Static;C:\Program Files (x86)\mingw-w64\i686-8.1.0-posix-dwarf-rt_v6-rev0\mingw32\bin;C:\ProgramData\chocolatey\bin;C:\Program Files\Git\cmd;C:\Program Files\PuTTY\;C:\Program Files (x86)\Microsoft SQL Server\Client SDK\ODBC\110\Tools\Binn\;C:\Program Files (x86)\Microsoft SQL Server\120\Tools\Binn\;C:\Program Files (x86)\Microsoft SQL Server\120\DTS\Binn\;C:\Program Files (x86)\Common Files\Siemens\;C:\Program Files (x86)\Common Files\Siemens\Interfaces;C:\Program Files (x86)\Common Files\Siemens\ACE\Interfaces;C:\Program Files\dotnet\;C:\Program Files\PKWARE\pkzipc;C:\Program Files (x86)\Common Files\Siemens\ACE;E:\5.Software\Polyspace\R2020b\runtime\win64;E:\5.Software\Polyspace\R2020b\bin;E:\5.Software\Polyspace\R2020b\polyspace\bin;E:\3.Utilities\CMaker\bin;E:\3.Utilities\Support_Embeded\make-4.3;E:\5.Software\Scala\sbt\bin;E:\5.Software\Scala\jdk\bin;C:\Users\USER\AppData\Local\Programs\Python\Python38-32\Scripts\;C:\Users\USER\AppData\Local\Programs\Python\Python38-32\;C:\Users\USER\AppData\Local\Microsoft\WindowsApps;C:\Users\USER\.dotnet\tools;E:\5.Software\VScode\Microsoft VS Code\bin;E:\5.Software\IntelliJ\IntelliJ IDEA Educational Edition 2022.1\bin;E:\5.Software\IntelliJ\IntelliJ IDEA 222.2680.4\bin;C:\Users\USER\AppData\Local\JetBrains\Toolbox\scripts;C:\Users\USER\AppData\Local\GitHubDesktop\bin;."/><property name="java.vendor" value="Oracle Corporation"/><property name="sun.io.unicode.encoding" value="UnicodeLittle"/><property name="sun.desktop" value="windows"/><property name="java.class.path" value="C:\Users\USER\AppData\Local\JetBrains\Toolbox\apps\IDEA-U\ch-0\223.6646.99.plugins\Scala\launcher\sbt-launch.jar"/><property name="java.vm.vendor" value="Oracle Corporation"/><property name="user.variant" value=""/><property name="jline.shutdownhook" value="false"/><property name="user.timezone" value="Asia/Bangkok"/><property name="os.name" value="Windows 10"/><property name="java.vm.specification.version" value="11"/><property name="sun.java.launcher" value="SUN_STANDARD"/><property name="user.country" value="US"/><property name="sun.cpu.endian" value="little"/><property name="user.home" value="C:\Users\USER"/><property name="user.language" value="en"/><property name="sbt.ipcsocket.tmpdir" value="C:\Users\USER\AppData\Local\Temp\.sbt\ipcsocket"/><property name="swoval.tmpdir" value="C:\Users\USER\AppData\Local\Temp\.sbt\swoval"/><property name="java.awt.graphicsenv" value="sun.awt.Win32GraphicsEnvironment"/><property name="jline.esc.timeout" value="0"/><property name="path.separator" value=";"/><property name="os.version" value="10.0"/><property name="jna.nosys" value="true"/><property name="java.runtime.name" value="Java(TM) SE Runtime Environment"/><property name="sbt.log.noformat" value="true"/><property name="java.vm.name" value="Java HotSpot(TM) 64-Bit Server VM"/><property name="java.vendor.url.bug" value="https://bugreport.java.com/bugreport/"/><property name="user.dir" value="E:\Thesis\MQTT_Broker_AkkaModel\SourceCode\Dashboard"/><property name="os.arch" value="amd64"/><property name="idea.managed" value="true"/><property name="java.vm.info" value="mixed mode"/><property name="java.vm.version" value="11.0.14+8-LTS-263"/><property name="java.class.version" value="55.0"/>
    </properties>
          <testcase classname="FunctionalSpec" name="(It is not a test it is a sbt.testing.SuiteSelector)" time="0.023">
                      <error message="org.scalatest.exceptions.NotAllowedException: org.scalatest.exceptions.DuplicateTestNameException was thrown inside &quot;HomeController&quot; should, construction cannot continue: &quot;Duplicate test name: HomeController should render the PubSub form successfully!&quot;" type="sbt.ForkMain$ForkError">sbt.ForkMain$ForkError: org.scalatest.exceptions.NotAllowedException: org.scalatest.exceptions.DuplicateTestNameException was thrown inside &quot;HomeController&quot; should, construction cannot continue: &quot;Duplicate test name: HomeController should render the PubSub form successfully!&quot;
	at org.scalatest.wordspec.AnyWordSpecLike.org$scalatest$wordspec$AnyWordSpecLike$$registerBranch(AnyWordSpecLike.scala:194)
	at org.scalatest.wordspec.AnyWordSpecLike$$anon$1.apply(AnyWordSpecLike.scala:994)
	at org.scalatest.verbs.ShouldVerb$StringShouldWrapperForVerb.should(ShouldVerb.scala:194)
	at org.scalatest.verbs.ShouldVerb$StringShouldWrapperForVerb.should$(ShouldVerb.scala:193)
	at org.scalatest.verbs.ShouldVerb$$anon$1.should(ShouldVerb.scala:232)
	at FunctionalSpec.&lt;init&gt;(FunctionalSpec.scala:33)
	at java.base/jdk.internal.reflect.NativeConstructorAccessorImpl.newInstance0(Native Method)
	at java.base/jdk.internal.reflect.NativeConstructorAccessorImpl.newInstance(NativeConstructorAccessorImpl.java:62)
	at java.base/jdk.internal.reflect.DelegatingConstructorAccessorImpl.newInstance(DelegatingConstructorAccessorImpl.java:45)
	at java.base/java.lang.reflect.Constructor.newInstance(Constructor.java:490)
	at java.base/java.lang.Class.newInstance(Class.java:584)
	at org.scalatest.tools.Framework$ScalaTestTask.execute(Framework.scala:450)
	at sbt.ForkMain$Run.lambda$runTest$1(ForkMain.java:413)
	at java.base/java.util.concurrent.FutureTask.run(FutureTask.java:264)
	at java.base/java.util.concurrent.ThreadPoolExecutor.runWorker(ThreadPoolExecutor.java:1128)
	at java.base/java.util.concurrent.ThreadPoolExecutor$Worker.run(ThreadPoolExecutor.java:628)
	at java.base/java.lang.Thread.run(Thread.java:834)
Caused by: sbt.ForkMain$ForkError: org.scalatest.exceptions.DuplicateTestNameException: Duplicate test name: HomeController should render the PubSub form successfully!
	at org.scalatest.SuperEngine.registerTest(Engine.scala:674)
	at org.scalatest.wordspec.AnyWordSpecLike.org$scalatest$wordspec$AnyWordSpecLike$$registerTestToRun(AnyWordSpecLike.scala:132)
	at org.scalatest.wordspec.AnyWordSpecLike$WordSpecStringWrapper.in(AnyWordSpecLike.scala:351)
	at FunctionalSpec.$anonfun$new$8(FunctionalSpec.scala:49)
	at org.scalatest.SuperEngine.registerNestedBranch(Engine.scala:609)
	at org.scalatest.wordspec.AnyWordSpecLike.org$scalatest$wordspec$AnyWordSpecLike$$registerBranch(AnyWordSpecLike.scala:187)
	... 16 more
</error>
                    </testcase>
          <system-out><![CDATA[]]></system-out>
          <system-err><![CDATA[]]></system-err>
        </testsuite>